[ 2013-11-01T10:47:37+08:00 ] 0.0.0.0 /perm_oj/src/ForeUI/
INFO: [ app_begin ] --START--
INFO: ReadHtmlCache Behavior ::run [ RunTime:0.002411s ]
INFO: [ app_begin ] --END-- [ RunTime:0.002793s ]
INFO: [ view_parse ] --START--
INFO: ParseTemplate Behavior ::run [ RunTime:0.020711s ]
INFO: [ view_parse ] --END-- [ RunTime:0.021014s ]
INFO: [ view_filter ] --START--
NOTIC: [8] Use of undefined constant APP_TMPL_PATH - assumed 'APP_TMPL_PATH' F:\Workspace\perm_oj\src\ForeUI\ThinkPHP\Lib\Behavior\ContentReplaceBehavior.class.php 第 40 行.
NOTIC: [8] Use of undefined constant APP_TMPL_PATH - assumed 'APP_TMPL_PATH' F:\Workspace\perm_oj\src\ForeUI\ThinkPHP\Lib\Behavior\ContentReplaceBehavior.class.php 第 47 行.
INFO: ContentReplace Behavior ::run [ RunTime:0.002232s ]
INFO: TokenBuild Behavior ::run [ RunTime:0.002060s ]
INFO: WriteHtmlCache Behavior ::run [ RunTime:0.001605s ]
INFO: ShowRuntime Behavior ::run [ RunTime:0.002157s ]
INFO: [ view_filter ] --END-- [ RunTime:0.008751s ]
INFO: [ view_end ] --START--
INFO: ShowPageTrace Behavior ::run [ RunTime:0.002420s ]
INFO: [ view_end ] --END-- [ RunTime:0.002730s ]

[ 2013-11-01T10:49:42+08:00 ] 0.0.0.0 /perm_oj/src/ForeUI/
INFO: [ app_begin ] --START--
INFO: ReadHtmlCache Behavior ::run [ RunTime:0.002398s ]
INFO: [ app_begin ] --END-- [ RunTime:0.002728s ]
INFO: [ view_parse ] --START--
INFO: ParseTemplate Behavior ::run [ RunTime:0.003885s ]
INFO: [ view_parse ] --END-- [ RunTime:0.004184s ]
INFO: [ view_filter ] --START--
NOTIC: [8] Use of undefined constant APP_TMPL_PATH - assumed 'APP_TMPL_PATH' F:\Workspace\perm_oj\src\ForeUI\ThinkPHP\Lib\Behavior\ContentReplaceBehavior.class.php 第 40 行.
NOTIC: [8] Use of undefined constant APP_TMPL_PATH - assumed 'APP_TMPL_PATH' F:\Workspace\perm_oj\src\ForeUI\ThinkPHP\Lib\Behavior\ContentReplaceBehavior.class.php 第 47 行.
INFO: ContentReplace Behavior ::run [ RunTime:0.002164s ]
INFO: TokenBuild Behavior ::run [ RunTime:0.001906s ]
INFO: WriteHtmlCache Behavior ::run [ RunTime:0.001602s ]
INFO: ShowRuntime Behavior ::run [ RunTime:0.002145s ]
INFO: [ view_filter ] --END-- [ RunTime:0.008522s ]
INFO: [ view_end ] --START--
INFO: ShowPageTrace Behavior ::run [ RunTime:0.002573s ]
INFO: [ view_end ] --END-- [ RunTime:0.002836s ]

[ 2013-11-01T10:50:36+08:00 ] 0.0.0.0 /perm_oj/src/ForeUI/index.php?s=/home/index/index.html
INFO: [ route_check ] --START--
INFO: CheckRoute Behavior ::run [ RunTime:0.003254s ]
INFO: [ route_check ] --END-- [ RunTime:0.003578s ]
INFO: [ app_begin ] --START--
INFO: ReadHtmlCache Behavior ::run [ RunTime:0.002714s ]
INFO: [ app_begin ] --END-- [ RunTime:0.003011s ]
ERR: 无法加载模块:home

